2026-07-04T10:10:23.481+05:30  INFO 88756 --- [librarymanagement] [main] c.e.l.LibrarymanagementApplication       : Starting LibrarymanagementApplication using Java 21.0.11 with PID 88756 (/Users/sanjana/Desktop/College/Cognizant/Maven(Module5)/librarymanagement/target/classes started by sanjana in /Users/sanjana/Desktop/College/Cognizant)
2026-07-04T10:10:23.487+05:30  INFO 88756 --- [librarymanagement] [main] c.e.l.LibrarymanagementApplication       : No active profile set, falling back to 1 default profile: "default"
2026-07-04T10:10:24.293+05:30  INFO 88756 --- [librarymanagement] [main] .s.d.r.c.RepositoryConfigurationDelegate : Bootstrapping Spring Data JPA repositories in DEFAULT mode.
2026-07-04T10:10:24.311+05:30  INFO 88756 --- [librarymanagement] [main] .s.d.r.c.RepositoryConfigurationDelegate : Finished Spring Data repository scanning in 12 ms. Found 0 JPA repository interfaces.
2026-07-04T10:10:24.678+05:30  INFO 88756 --- [librarymanagement] [main] o.s.boot.tomcat.TomcatWebServer          : Tomcat initialized with port 8080 (http)
2026-07-04T10:10:24.693+05:30  INFO 88756 --- [librarymanagement] [main] o.apache.catalina.core.StandardService   : Starting service [Tomcat]
2026-07-04T10:10:24.694+05:30  INFO 88756 --- [librarymanagement] [main] o.apache.catalina.core.StandardEngine    : Starting Servlet engine: [Apache Tomcat/11.0.22]
2026-07-04T10:10:24.734+05:30  INFO 88756 --- [librarymanagement] [main] b.w.c.s.WebApplicationContextInitializer : Root WebApplicationContext: initialization completed in 1203 ms
2026-07-04T10:10:24.880+05:30  INFO 88756 --- [librarymanagement] [main] org.hibernate.orm.jpa                    : HHH008540: Processing PersistenceUnitInfo [name: default]
2026-07-04T10:10:24.927+05:30  INFO 88756 --- [librarymanagement] [main] org.hibernate.orm.core                   : HHH000001: Hibernate ORM core version 7.4.1.Final
2026-07-04T10:10:25.280+05:30  INFO 88756 --- [librarymanagement] [main] o.s.o.j.p.SpringPersistenceUnitInfo      : No LoadTimeWeaver setup: ignoring JPA class transformer
2026-07-04T10:10:25.310+05:30  INFO 88756 --- [librarymanagement] [main] com.zaxxer.hikari.HikariDataSource       : HikariPool-1 - Starting...
2026-07-04T10:10:25.686+05:30  INFO 88756 --- [librarymanagement] [main] com.zaxxer.hikari.pool.HikariPool        : HikariPool-1 - Added connection com.mysql.cj.jdbc.ConnectionImpl@6e9f8160
2026-07-04T10:10:25.687+05:30  INFO 88756 --- [librarymanagement] [main] com.zaxxer.hikari.HikariDataSource       : HikariPool-1 - Start completed.
2026-07-04T10:10:25.769+05:30  INFO 88756 --- [librarymanagement] [main] org.hibernate.orm.connections.pooling    : HHH10001005: Database info:
	Database JDBC URL [jdbc:mysql://localhost:3306/librarydb?createDatabaseIfNotExist=true]
	Database driver: MySQL Connector/J
	Database dialect: MySQLDialect
	Database version: 9.5
	Default catalog/schema: librarydb/undefined
	Autocommit mode: undefined/unknown
	Isolation level: REPEATABLE_READ [default REPEATABLE_READ]
	JDBC fetch size: none
	Pool: DataSourceConnectionProvider
	Minimum pool size: undefined/unknown
	Maximum pool size: undefined/unknown
2026-07-04T10:10:26.064+05:30  INFO 88756 --- [librarymanagement] [main] org.hibernate.orm.core                   : HHH000489: No JTA platform available (set 'hibernate.transaction.jta.platform' to enable JTA platform integration)
2026-07-04T10:10:26.116+05:30  INFO 88756 --- [librarymanagement] [main] j.LocalContainerEntityManagerFactoryBean : Initialized JPA EntityManagerFactory for persistence unit 'default'
2026-07-04T10:10:26.133+05:30  WARN 88756 --- [librarymanagement] [main] ConfigServletWebServerApplicationContext : Exception encountered during context initialization - cancelling refresh attempt: org.springframework.beans.factory.BeanCreationException: Error creating bean with name 'bookService' defined in class path resource [applicationContext.xml]: Invalid property 'bookRepository' of bean class [com.example.librarymanagement.Service.BookService]: Bean property 'bookRepository' is not writable or has an invalid setter method. Does the parameter type of the setter match the return type of the getter?
2026-07-04T10:10:26.133+05:30  INFO 88756 --- [librarymanagement] [main] j.LocalContainerEntityManagerFactoryBean : Closing JPA EntityManagerFactory for persistence unit 'default'
2026-07-04T10:10:26.135+05:30  INFO 88756 --- [librarymanagement] [main] com.zaxxer.hikari.HikariDataSource       : HikariPool-1 - Shutdown initiated...
2026-07-04T10:10:26.145+05:30  INFO 88756 --- [librarymanagement] [main] com.zaxxer.hikari.HikariDataSource       : HikariPool-1 - Shutdown completed.
2026-07-04T10:10:26.147+05:30  INFO 88756 --- [librarymanagement] [main] o.apache.catalina.core.StandardService   : Stopping service [Tomcat]
2026-07-04T10:10:26.157+05:30  INFO 88756 --- [librarymanagement] [main] .s.b.a.l.ConditionEvaluationReportLogger : 

Error starting ApplicationContext. To display the condition evaluation report re-run your application with 'debug' enabled.
2026-07-04T10:10:26.175+05:30 ERROR 88756 --- [librarymanagement] [main] o.s.boot.SpringApplication               : Application run failed

org.springframework.beans.factory.BeanCreationException: Error creating bean with name 'bookService' defined in class path resource [applicationContext.xml]: Invalid property 'bookRepository' of bean class [com.example.librarymanagement.Service.BookService]: Bean property 'bookRepository' is not writable or has an invalid setter method. Does the parameter type of the setter match the return type of the getter?
	at org.springframework.beans.factory.support.AbstractAutowireCapableBeanFactory.applyPropertyValues(AbstractAutowireCapableBeanFactory.java:1745) ~[spring-beans-7.0.8.jar:7.0.8]
	at org.springframework.beans.factory.support.AbstractAutowireCapableBeanFactory.populateBean(AbstractAutowireCapableBeanFactory.java:1459) ~[spring-beans-7.0.8.jar:7.0.8]
	at org.springframework.beans.factory.support.AbstractAutowireCapableBeanFactory.doCreateBean(AbstractAutowireCapableBeanFactory.java:602) ~[spring-beans-7.0.8.jar:7.0.8]
	at org.springframework.beans.factory.support.AbstractAutowireCapableBeanFactory.createBean(AbstractAutowireCapableBeanFactory.java:525) ~[spring-beans-7.0.8.jar:7.0.8]
	at org.springframework.beans.factory.support.AbstractBeanFactory.lambda$doGetBean$0(AbstractBeanFactory.java:333) ~[spring-beans-7.0.8.jar:7.0.8]
	at org.springframework.beans.factory.support.DefaultSingletonBeanRegistry.getSingleton(DefaultSingletonBeanRegistry.java:371) ~[spring-beans-7.0.8.jar:7.0.8]
	at org.springframework.beans.factory.support.AbstractBeanFactory.doGetBean(AbstractBeanFactory.java:331) ~[spring-beans-7.0.8.jar:7.0.8]
	at org.springframework.beans.factory.support.AbstractBeanFactory.getBean(AbstractBeanFactory.java:196) ~[spring-beans-7.0.8.jar:7.0.8]
	at org.springframework.beans.factory.support.DefaultListableBeanFactory.instantiateSingleton(DefaultListableBeanFactory.java:1225) ~[spring-beans-7.0.8.jar:7.0.8]
	at org.springframework.beans.factory.support.DefaultListableBeanFactory.preInstantiateSingleton(DefaultListableBeanFactory.java:1191) ~[spring-beans-7.0.8.jar:7.0.8]
	at org.springframework.beans.factory.support.DefaultListableBeanFactory.preInstantiateSingletons(DefaultListableBeanFactory.java:1121) ~[spring-beans-7.0.8.jar:7.0.8]
	at org.springframework.context.support.AbstractApplicationContext.finishBeanFactoryInitialization(AbstractApplicationContext.java:994) ~[spring-context-7.0.8.jar:7.0.8]
	at org.springframework.context.support.AbstractApplicationContext.refresh(AbstractApplicationContext.java:621) ~[spring-context-7.0.8.jar:7.0.8]
	at org.springframework.boot.web.server.servlet.context.ServletWebServerApplicationContext.refresh(ServletWebServerApplicationContext.java:143) ~[spring-boot-web-server-4.1.0.jar:4.1.0]
	at org.springframework.boot.SpringApplication.refresh(SpringApplication.java:756) ~[spring-boot-4.1.0.jar:4.1.0]
	at org.springframework.boot.SpringApplication.refreshContext(SpringApplication.java:445) ~[spring-boot-4.1.0.jar:4.1.0]
	at org.springframework.boot.SpringApplication.run(SpringApplication.java:321) ~[spring-boot-4.1.0.jar:4.1.0]
	at org.springframework.boot.SpringApplication.run(SpringApplication.java:1365) ~[spring-boot-4.1.0.jar:4.1.0]
	at org.springframework.boot.SpringApplication.run(SpringApplication.java:1354) ~[spring-boot-4.1.0.jar:4.1.0]
	at com.example.librarymanagement.LibrarymanagementApplication.main(LibrarymanagementApplication.java:30) ~[classes/:na]
Caused by: org.springframework.beans.NotWritablePropertyException: Invalid property 'bookRepository' of bean class [com.example.librarymanagement.Service.BookService]: Bean property 'bookRepository' is not writable or has an invalid setter method. Does the parameter type of the setter match the return type of the getter?
	at org.springframework.beans.BeanWrapperImpl.createNotWritablePropertyException(BeanWrapperImpl.java:206) ~[spring-beans-7.0.8.jar:7.0.8]
	at org.springframework.beans.AbstractNestablePropertyAccessor.processLocalProperty(AbstractNestablePropertyAccessor.java:426) ~[spring-beans-7.0.8.jar:7.0.8]
	at org.springframework.beans.AbstractNestablePropertyAccessor.setPropertyValue(AbstractNestablePropertyAccessor.java:275) ~[spring-beans-7.0.8.jar:7.0.8]
	at org.springframework.beans.AbstractNestablePropertyAccessor.setPropertyValue(AbstractNestablePropertyAccessor.java:263) ~[spring-beans-7.0.8.jar:7.0.8]
	at org.springframework.beans.AbstractPropertyAccessor.setPropertyValues(AbstractPropertyAccessor.java:104) ~[spring-beans-7.0.8.jar:7.0.8]
	at org.springframework.beans.AbstractPropertyAccessor.setPropertyValues(AbstractPropertyAccessor.java:79) ~[spring-beans-7.0.8.jar:7.0.8]
	at org.springframework.beans.factory.support.AbstractAutowireCapableBeanFactory.applyPropertyValues(AbstractAutowireCapableBeanFactory.java:1742) ~[spring-beans-7.0.8.jar:7.0.8]
	... 19 common frames omitted

2026-07-04T10:17:32.749+05:30  INFO 96403 --- [librarymanagement] [main] c.e.l.LibrarymanagementApplication       : Starting LibrarymanagementApplication using Java 21.0.11 with PID 96403 (/Users/sanjana/Desktop/College/Cognizant/Maven(Module5)/librarymanagement/target/classes started by sanjana in /Users/sanjana/Desktop/College/Cognizant)
2026-07-04T10:17:32.751+05:30  INFO 96403 --- [librarymanagement] [main] c.e.l.LibrarymanagementApplication       : No active profile set, falling back to 1 default profile: "default"
2026-07-04T10:17:33.399+05:30  INFO 96403 --- [librarymanagement] [main] .s.d.r.c.RepositoryConfigurationDelegate : Bootstrapping Spring Data JPA repositories in DEFAULT mode.
2026-07-04T10:17:33.415+05:30  INFO 96403 --- [librarymanagement] [main] .s.d.r.c.RepositoryConfigurationDelegate : Finished Spring Data repository scanning in 10 ms. Found 0 JPA repository interfaces.
2026-07-04T10:17:33.734+05:30  INFO 96403 --- [librarymanagement] [main] o.s.boot.tomcat.TomcatWebServer          : Tomcat initialized with port 8080 (http)
2026-07-04T10:17:33.745+05:30  INFO 96403 --- [librarymanagement] [main] o.apache.catalina.core.StandardService   : Starting service [Tomcat]
2026-07-04T10:17:33.745+05:30  INFO 96403 --- [librarymanagement] [main] o.apache.catalina.core.StandardEngine    : Starting Servlet engine: [Apache Tomcat/11.0.22]
2026-07-04T10:17:33.781+05:30  INFO 96403 --- [librarymanagement] [main] b.w.c.s.WebApplicationContextInitializer : Root WebApplicationContext: initialization completed in 990 ms
2026-07-04T10:17:33.913+05:30  INFO 96403 --- [librarymanagement] [main] org.hibernate.orm.jpa                    : HHH008540: Processing PersistenceUnitInfo [name: default]
2026-07-04T10:17:33.952+05:30  INFO 96403 --- [librarymanagement] [main] org.hibernate.orm.core                   : HHH000001: Hibernate ORM core version 7.4.1.Final
2026-07-04T10:17:34.241+05:30  INFO 96403 --- [librarymanagement] [main] o.s.o.j.p.SpringPersistenceUnitInfo      : No LoadTimeWeaver setup: ignoring JPA class transformer
2026-07-04T10:17:34.268+05:30  INFO 96403 --- [librarymanagement] [main] com.zaxxer.hikari.HikariDataSource       : HikariPool-1 - Starting...
2026-07-04T10:17:34.549+05:30  INFO 96403 --- [librarymanagement] [main] com.zaxxer.hikari.pool.HikariPool        : HikariPool-1 - Added connection com.mysql.cj.jdbc.ConnectionImpl@85cd413
2026-07-04T10:17:34.550+05:30  INFO 96403 --- [librarymanagement] [main] com.zaxxer.hikari.HikariDataSource       : HikariPool-1 - Start completed.
2026-07-04T10:17:34.608+05:30  INFO 96403 --- [librarymanagement] [main] org.hibernate.orm.connections.pooling    : HHH10001005: Database info:
	Database JDBC URL [jdbc:mysql://localhost:3306/librarydb?createDatabaseIfNotExist=true]
	Database driver: MySQL Connector/J
	Database dialect: MySQLDialect
	Database version: 9.5
	Default catalog/schema: librarydb/undefined
	Autocommit mode: undefined/unknown
	Isolation level: REPEATABLE_READ [default REPEATABLE_READ]
	JDBC fetch size: none
	Pool: DataSourceConnectionProvider
	Minimum pool size: undefined/unknown
	Maximum pool size: undefined/unknown
2026-07-04T10:17:34.863+05:30  INFO 96403 --- [librarymanagement] [main] org.hibernate.orm.core                   : HHH000489: No JTA platform available (set 'hibernate.transaction.jta.platform' to enable JTA platform integration)
2026-07-04T10:17:34.897+05:30  INFO 96403 --- [librarymanagement] [main] j.LocalContainerEntityManagerFactoryBean : Initialized JPA EntityManagerFactory for persistence unit 'default'
2026-07-04T10:17:34.912+05:30  WARN 96403 --- [librarymanagement] [main] ConfigServletWebServerApplicationContext : Exception encountered during context initialization - cancelling refresh attempt: org.springframework.beans.factory.BeanCreationException: Error creating bean with name 'bookService' defined in class path resource [applicationContext.xml]: Invalid property 'bookRepository' of bean class [com.example.librarymanagement.Service.BookService]: Bean property 'bookRepository' is not writable or has an invalid setter method. Does the parameter type of the setter match the return type of the getter?
2026-07-04T10:17:34.913+05:30  INFO 96403 --- [librarymanagement] [main] j.LocalContainerEntityManagerFactoryBean : Closing JPA EntityManagerFactory for persistence unit 'default'
2026-07-04T10:17:34.915+05:30  INFO 96403 --- [librarymanagement] [main] com.zaxxer.hikari.HikariDataSource       : HikariPool-1 - Shutdown initiated...
2026-07-04T10:17:34.956+05:30  INFO 96403 --- [librarymanagement] [main] com.zaxxer.hikari.HikariDataSource       : HikariPool-1 - Shutdown completed.
2026-07-04T10:17:34.958+05:30  INFO 96403 --- [librarymanagement] [main] o.apache.catalina.core.StandardService   : Stopping service [Tomcat]
2026-07-04T10:17:34.966+05:30  INFO 96403 --- [librarymanagement] [main] .s.b.a.l.ConditionEvaluationReportLogger : 

Error starting ApplicationContext. To display the condition evaluation report re-run your application with 'debug' enabled.
2026-07-04T10:17:34.979+05:30 ERROR 96403 --- [librarymanagement] [main] o.s.boot.SpringApplication               : Application run failed

org.springframework.beans.factory.BeanCreationException: Error creating bean with name 'bookService' defined in class path resource [applicationContext.xml]: Invalid property 'bookRepository' of bean class [com.example.librarymanagement.Service.BookService]: Bean property 'bookRepository' is not writable or has an invalid setter method. Does the parameter type of the setter match the return type of the getter?
	at org.springframework.beans.factory.support.AbstractAutowireCapableBeanFactory.applyPropertyValues(AbstractAutowireCapableBeanFactory.java:1745) ~[spring-beans-7.0.8.jar:7.0.8]
	at org.springframework.beans.factory.support.AbstractAutowireCapableBeanFactory.populateBean(AbstractAutowireCapableBeanFactory.java:1459) ~[spring-beans-7.0.8.jar:7.0.8]
	at org.springframework.beans.factory.support.AbstractAutowireCapableBeanFactory.doCreateBean(AbstractAutowireCapableBeanFactory.java:602) ~[spring-beans-7.0.8.jar:7.0.8]
	at org.springframework.beans.factory.support.AbstractAutowireCapableBeanFactory.createBean(AbstractAutowireCapableBeanFactory.java:525) ~[spring-beans-7.0.8.jar:7.0.8]
	at org.springframework.beans.factory.support.AbstractBeanFactory.lambda$doGetBean$0(AbstractBeanFactory.java:333) ~[spring-beans-7.0.8.jar:7.0.8]
	at org.springframework.beans.factory.support.DefaultSingletonBeanRegistry.getSingleton(DefaultSingletonBeanRegistry.java:371) ~[spring-beans-7.0.8.jar:7.0.8]
	at org.springframework.beans.factory.support.AbstractBeanFactory.doGetBean(AbstractBeanFactory.java:331) ~[spring-beans-7.0.8.jar:7.0.8]
	at org.springframework.beans.factory.support.AbstractBeanFactory.getBean(AbstractBeanFactory.java:196) ~[spring-beans-7.0.8.jar:7.0.8]
	at org.springframework.beans.factory.support.DefaultListableBeanFactory.instantiateSingleton(DefaultListableBeanFactory.java:1225) ~[spring-beans-7.0.8.jar:7.0.8]
	at org.springframework.beans.factory.support.DefaultListableBeanFactory.preInstantiateSingleton(DefaultListableBeanFactory.java:1191) ~[spring-beans-7.0.8.jar:7.0.8]
	at org.springframework.beans.factory.support.DefaultListableBeanFactory.preInstantiateSingletons(DefaultListableBeanFactory.java:1121) ~[spring-beans-7.0.8.jar:7.0.8]
	at org.springframework.context.support.AbstractApplicationContext.finishBeanFactoryInitialization(AbstractApplicationContext.java:994) ~[spring-context-7.0.8.jar:7.0.8]
	at org.springframework.context.support.AbstractApplicationContext.refresh(AbstractApplicationContext.java:621) ~[spring-context-7.0.8.jar:7.0.8]
	at org.springframework.boot.web.server.servlet.context.ServletWebServerApplicationContext.refresh(ServletWebServerApplicationContext.java:143) ~[spring-boot-web-server-4.1.0.jar:4.1.0]
	at org.springframework.boot.SpringApplication.refresh(SpringApplication.java:756) ~[spring-boot-4.1.0.jar:4.1.0]
	at org.springframework.boot.SpringApplication.refreshContext(SpringApplication.java:445) ~[spring-boot-4.1.0.jar:4.1.0]
	at org.springframework.boot.SpringApplication.run(SpringApplication.java:321) ~[spring-boot-4.1.0.jar:4.1.0]
	at org.springframework.boot.SpringApplication.run(SpringApplication.java:1365) ~[spring-boot-4.1.0.jar:4.1.0]
	at org.springframework.boot.SpringApplication.run(SpringApplication.java:1354) ~[spring-boot-4.1.0.jar:4.1.0]
	at com.example.librarymanagement.LibrarymanagementApplication.main(LibrarymanagementApplication.java:30) ~[classes/:na]
Caused by: org.springframework.beans.NotWritablePropertyException: Invalid property 'bookRepository' of bean class [com.example.librarymanagement.Service.BookService]: Bean property 'bookRepository' is not writable or has an invalid setter method. Does the parameter type of the setter match the return type of the getter?
	at org.springframework.beans.BeanWrapperImpl.createNotWritablePropertyException(BeanWrapperImpl.java:206) ~[spring-beans-7.0.8.jar:7.0.8]
	at org.springframework.beans.AbstractNestablePropertyAccessor.processLocalProperty(AbstractNestablePropertyAccessor.java:426) ~[spring-beans-7.0.8.jar:7.0.8]
	at org.springframework.beans.AbstractNestablePropertyAccessor.setPropertyValue(AbstractNestablePropertyAccessor.java:275) ~[spring-beans-7.0.8.jar:7.0.8]
	at org.springframework.beans.AbstractNestablePropertyAccessor.setPropertyValue(AbstractNestablePropertyAccessor.java:263) ~[spring-beans-7.0.8.jar:7.0.8]
	at org.springframework.beans.AbstractPropertyAccessor.setPropertyValues(AbstractPropertyAccessor.java:104) ~[spring-beans-7.0.8.jar:7.0.8]
	at org.springframework.beans.AbstractPropertyAccessor.setPropertyValues(AbstractPropertyAccessor.java:79) ~[spring-beans-7.0.8.jar:7.0.8]
	at org.springframework.beans.factory.support.AbstractAutowireCapableBeanFactory.applyPropertyValues(AbstractAutowireCapableBeanFactory.java:1742) ~[spring-beans-7.0.8.jar:7.0.8]
	... 19 common frames omitted

2026-07-04T10:18:52.332+05:30  INFO 98089 --- [librarymanagement] [main] c.e.l.LibrarymanagementApplication       : Starting LibrarymanagementApplication using Java 21.0.11 with PID 98089 (/Users/sanjana/Desktop/College/Cognizant/Maven(Module5)/librarymanagement/target/classes started by sanjana in /Users/sanjana/Desktop/College/Cognizant)
2026-07-04T10:18:52.338+05:30  INFO 98089 --- [librarymanagement] [main] c.e.l.LibrarymanagementApplication       : No active profile set, falling back to 1 default profile: "default"
2026-07-04T10:18:53.552+05:30  INFO 98089 --- [librarymanagement] [main] .s.d.r.c.RepositoryConfigurationDelegate : Bootstrapping Spring Data JPA repositories in DEFAULT mode.
2026-07-04T10:18:53.605+05:30  INFO 98089 --- [librarymanagement] [main] .s.d.r.c.RepositoryConfigurationDelegate : Finished Spring Data repository scanning in 26 ms. Found 0 JPA repository interfaces.
2026-07-04T10:18:54.302+05:30  INFO 98089 --- [librarymanagement] [main] o.s.boot.tomcat.TomcatWebServer          : Tomcat initialized with port 8080 (http)
2026-07-04T10:18:54.336+05:30  INFO 98089 --- [librarymanagement] [main] o.apache.catalina.core.StandardService   : Starting service [Tomcat]
2026-07-04T10:18:54.339+05:30  INFO 98089 --- [librarymanagement] [main] o.apache.catalina.core.StandardEngine    : Starting Servlet engine: [Apache Tomcat/11.0.22]
2026-07-04T10:18:54.412+05:30  INFO 98089 --- [librarymanagement] [main] b.w.c.s.WebApplicationContextInitializer : Root WebApplicationContext: initialization completed in 1990 ms
2026-07-04T10:18:54.682+05:30  INFO 98089 --- [librarymanagement] [main] org.hibernate.orm.jpa                    : HHH008540: Processing PersistenceUnitInfo [name: default]
2026-07-04T10:18:54.752+05:30  INFO 98089 --- [librarymanagement] [main] org.hibernate.orm.core                   : HHH000001: Hibernate ORM core version 7.4.1.Final
2026-07-04T10:18:55.227+05:30  INFO 98089 --- [librarymanagement] [main] o.s.o.j.p.SpringPersistenceUnitInfo      : No LoadTimeWeaver setup: ignoring JPA class transformer
2026-07-04T10:18:55.264+05:30  INFO 98089 --- [librarymanagement] [main] com.zaxxer.hikari.HikariDataSource       : HikariPool-1 - Starting...
2026-07-04T10:18:55.689+05:30  INFO 98089 --- [librarymanagement] [main] com.zaxxer.hikari.pool.HikariPool        : HikariPool-1 - Added connection com.mysql.cj.jdbc.ConnectionImpl@85cd413
2026-07-04T10:18:55.692+05:30  INFO 98089 --- [librarymanagement] [main] com.zaxxer.hikari.HikariDataSource       : HikariPool-1 - Start completed.
2026-07-04T10:18:55.812+05:30  INFO 98089 --- [librarymanagement] [main] org.hibernate.orm.connections.pooling    : HHH10001005: Database info:
	Database JDBC URL [jdbc:mysql://localhost:3306/librarydb?createDatabaseIfNotExist=true]
	Database driver: MySQL Connector/J
	Database dialect: MySQLDialect
	Database version: 9.5
	Default catalog/schema: librarydb/undefined
	Autocommit mode: undefined/unknown
	Isolation level: REPEATABLE_READ [default REPEATABLE_READ]
	JDBC fetch size: none
	Pool: DataSourceConnectionProvider
	Minimum pool size: undefined/unknown
	Maximum pool size: undefined/unknown
2026-07-04T10:18:56.205+05:30  INFO 98089 --- [librarymanagement] [main] org.hibernate.orm.core                   : HHH000489: No JTA platform available (set 'hibernate.transaction.jta.platform' to enable JTA platform integration)
2026-07-04T10:18:56.361+05:30  INFO 98089 --- [librarymanagement] [main] j.LocalContainerEntityManagerFactoryBean : Initialized JPA EntityManagerFactory for persistence unit 'default'
2026-07-04T10:18:56.380+05:30  WARN 98089 --- [librarymanagement] [main] ConfigServletWebServerApplicationContext : Exception encountered during context initialization - cancelling refresh attempt: org.springframework.beans.factory.BeanCreationException: Error creating bean with name 'bookService' defined in class path resource [applicationContext.xml]: Invalid property 'bookRepository' of bean class [com.example.librarymanagement.Service.BookService]: Bean property 'bookRepository' is not writable or has an invalid setter method. Does the parameter type of the setter match the return type of the getter?
2026-07-04T10:18:56.381+05:30  INFO 98089 --- [librarymanagement] [main] j.LocalContainerEntityManagerFactoryBean : Closing JPA EntityManagerFactory for persistence unit 'default'
2026-07-04T10:18:56.384+05:30  INFO 98089 --- [librarymanagement] [main] com.zaxxer.hikari.HikariDataSource       : HikariPool-1 - Shutdown initiated...
2026-07-04T10:18:56.390+05:30  INFO 98089 --- [librarymanagement] [main] com.zaxxer.hikari.HikariDataSource       : HikariPool-1 - Shutdown completed.
2026-07-04T10:18:56.392+05:30  INFO 98089 --- [librarymanagement] [main] o.apache.catalina.core.StandardService   : Stopping service [Tomcat]
2026-07-04T10:18:56.403+05:30  INFO 98089 --- [librarymanagement] [main] .s.b.a.l.ConditionEvaluationReportLogger : 

Error starting ApplicationContext. To display the condition evaluation report re-run your application with 'debug' enabled.
2026-07-04T10:18:56.415+05:30 ERROR 98089 --- [librarymanagement] [main] o.s.boot.SpringApplication               : Application run failed

org.springframework.beans.factory.BeanCreationException: Error creating bean with name 'bookService' defined in class path resource [applicationContext.xml]: Invalid property 'bookRepository' of bean class [com.example.librarymanagement.Service.BookService]: Bean property 'bookRepository' is not writable or has an invalid setter method. Does the parameter type of the setter match the return type of the getter?
	at org.springframework.beans.factory.support.AbstractAutowireCapableBeanFactory.applyPropertyValues(AbstractAutowireCapableBeanFactory.java:1745) ~[spring-beans-7.0.8.jar:7.0.8]
	at org.springframework.beans.factory.support.AbstractAutowireCapableBeanFactory.populateBean(AbstractAutowireCapableBeanFactory.java:1459) ~[spring-beans-7.0.8.jar:7.0.8]
	at org.springframework.beans.factory.support.AbstractAutowireCapableBeanFactory.doCreateBean(AbstractAutowireCapableBeanFactory.java:602) ~[spring-beans-7.0.8.jar:7.0.8]
	at org.springframework.beans.factory.support.AbstractAutowireCapableBeanFactory.createBean(AbstractAutowireCapableBeanFactory.java:525) ~[spring-beans-7.0.8.jar:7.0.8]
	at org.springframework.beans.factory.support.AbstractBeanFactory.lambda$doGetBean$0(AbstractBeanFactory.java:333) ~[spring-beans-7.0.8.jar:7.0.8]
	at org.springframework.beans.factory.support.DefaultSingletonBeanRegistry.getSingleton(DefaultSingletonBeanRegistry.java:371) ~[spring-beans-7.0.8.jar:7.0.8]
	at org.springframework.beans.factory.support.AbstractBeanFactory.doGetBean(AbstractBeanFactory.java:331) ~[spring-beans-7.0.8.jar:7.0.8]
	at org.springframework.beans.factory.support.AbstractBeanFactory.getBean(AbstractBeanFactory.java:196) ~[spring-beans-7.0.8.jar:7.0.8]
	at org.springframework.beans.factory.support.DefaultListableBeanFactory.instantiateSingleton(DefaultListableBeanFactory.java:1225) ~[spring-beans-7.0.8.jar:7.0.8]
	at org.springframework.beans.factory.support.DefaultListableBeanFactory.preInstantiateSingleton(DefaultListableBeanFactory.java:1191) ~[spring-beans-7.0.8.jar:7.0.8]
	at org.springframework.beans.factory.support.DefaultListableBeanFactory.preInstantiateSingletons(DefaultListableBeanFactory.java:1121) ~[spring-beans-7.0.8.jar:7.0.8]
	at org.springframework.context.support.AbstractApplicationContext.finishBeanFactoryInitialization(AbstractApplicationContext.java:994) ~[spring-context-7.0.8.jar:7.0.8]
	at org.springframework.context.support.AbstractApplicationContext.refresh(AbstractApplicationContext.java:621) ~[spring-context-7.0.8.jar:7.0.8]
	at org.springframework.boot.web.server.servlet.context.ServletWebServerApplicationContext.refresh(ServletWebServerApplicationContext.java:143) ~[spring-boot-web-server-4.1.0.jar:4.1.0]
	at org.springframework.boot.SpringApplication.refresh(SpringApplication.java:756) ~[spring-boot-4.1.0.jar:4.1.0]
	at org.springframework.boot.SpringApplication.refreshContext(SpringApplication.java:445) ~[spring-boot-4.1.0.jar:4.1.0]
	at org.springframework.boot.SpringApplication.run(SpringApplication.java:321) ~[spring-boot-4.1.0.jar:4.1.0]
	at org.springframework.boot.SpringApplication.run(SpringApplication.java:1365) ~[spring-boot-4.1.0.jar:4.1.0]
	at org.springframework.boot.SpringApplication.run(SpringApplication.java:1354) ~[spring-boot-4.1.0.jar:4.1.0]
	at com.example.librarymanagement.LibrarymanagementApplication.main(LibrarymanagementApplication.java:30) ~[classes/:na]
Caused by: org.springframework.beans.NotWritablePropertyException: Invalid property 'bookRepository' of bean class [com.example.librarymanagement.Service.BookService]: Bean property 'bookRepository' is not writable or has an invalid setter method. Does the parameter type of the setter match the return type of the getter?
	at org.springframework.beans.BeanWrapperImpl.createNotWritablePropertyException(BeanWrapperImpl.java:206) ~[spring-beans-7.0.8.jar:7.0.8]
	at org.springframework.beans.AbstractNestablePropertyAccessor.processLocalProperty(AbstractNestablePropertyAccessor.java:426) ~[spring-beans-7.0.8.jar:7.0.8]
	at org.springframework.beans.AbstractNestablePropertyAccessor.setPropertyValue(AbstractNestablePropertyAccessor.java:275) ~[spring-beans-7.0.8.jar:7.0.8]
	at org.springframework.beans.AbstractNestablePropertyAccessor.setPropertyValue(AbstractNestablePropertyAccessor.java:263) ~[spring-beans-7.0.8.jar:7.0.8]
	at org.springframework.beans.AbstractPropertyAccessor.setPropertyValues(AbstractPropertyAccessor.java:104) ~[spring-beans-7.0.8.jar:7.0.8]
	at org.springframework.beans.AbstractPropertyAccessor.setPropertyValues(AbstractPropertyAccessor.java:79) ~[spring-beans-7.0.8.jar:7.0.8]
	at org.springframework.beans.factory.support.AbstractAutowireCapableBeanFactory.applyPropertyValues(AbstractAutowireCapableBeanFactory.java:1742) ~[spring-beans-7.0.8.jar:7.0.8]
	... 19 common frames omitted

2026-07-04T10:20:05.173+05:30  INFO 99757 --- [librarymanagement] [main] c.e.l.LibrarymanagementApplication       : Starting LibrarymanagementApplication using Java 21.0.11 with PID 99757 (/Users/sanjana/Desktop/College/Cognizant/Maven(Module5)/librarymanagement/target/classes started by sanjana in /Users/sanjana/Desktop/College/Cognizant)
2026-07-04T10:20:05.175+05:30  INFO 99757 --- [librarymanagement] [main] c.e.l.LibrarymanagementApplication       : No active profile set, falling back to 1 default profile: "default"
2026-07-04T10:20:05.742+05:30  INFO 99757 --- [librarymanagement] [main] .s.d.r.c.RepositoryConfigurationDelegate : Bootstrapping Spring Data JPA repositories in DEFAULT mode.
2026-07-04T10:20:05.756+05:30  INFO 99757 --- [librarymanagement] [main] .s.d.r.c.RepositoryConfigurationDelegate : Finished Spring Data repository scanning in 8 ms. Found 0 JPA repository interfaces.
2026-07-04T10:20:06.040+05:30  INFO 99757 --- [librarymanagement] [main] o.s.boot.tomcat.TomcatWebServer          : Tomcat initialized with port 8080 (http)
2026-07-04T10:20:06.051+05:30  INFO 99757 --- [librarymanagement] [main] o.apache.catalina.core.StandardService   : Starting service [Tomcat]
2026-07-04T10:20:06.051+05:30  INFO 99757 --- [librarymanagement] [main] o.apache.catalina.core.StandardEngine    : Starting Servlet engine: [Apache Tomcat/11.0.22]
2026-07-04T10:20:06.086+05:30  INFO 99757 --- [librarymanagement] [main] b.w.c.s.WebApplicationContextInitializer : Root WebApplicationContext: initialization completed in 872 ms
2026-07-04T10:20:06.199+05:30  INFO 99757 --- [librarymanagement] [main] org.hibernate.orm.jpa                    : HHH008540: Processing PersistenceUnitInfo [name: default]
2026-07-04T10:20:06.242+05:30  INFO 99757 --- [librarymanagement] [main] org.hibernate.orm.core                   : HHH000001: Hibernate ORM core version 7.4.1.Final
2026-07-04T10:20:06.479+05:30  INFO 99757 --- [librarymanagement] [main] o.s.o.j.p.SpringPersistenceUnitInfo      : No LoadTimeWeaver setup: ignoring JPA class transformer
2026-07-04T10:20:06.500+05:30  INFO 99757 --- [librarymanagement] [main] com.zaxxer.hikari.HikariDataSource       : HikariPool-1 - Starting...
2026-07-04T10:20:06.766+05:30  INFO 99757 --- [librarymanagement] [main] com.zaxxer.hikari.pool.HikariPool        : HikariPool-1 - Added connection com.mysql.cj.jdbc.ConnectionImpl@85cd413
2026-07-04T10:20:06.767+05:30  INFO 99757 --- [librarymanagement] [main] com.zaxxer.hikari.HikariDataSource       : HikariPool-1 - Start completed.
2026-07-04T10:20:06.825+05:30  INFO 99757 --- [librarymanagement] [main] org.hibernate.orm.connections.pooling    : HHH10001005: Database info:
	Database JDBC URL [jdbc:mysql://localhost:3306/librarydb?createDatabaseIfNotExist=true]
	Database driver: MySQL Connector/J
	Database dialect: MySQLDialect
	Database version: 9.5
	Default catalog/schema: librarydb/undefined
	Autocommit mode: undefined/unknown
	Isolation level: REPEATABLE_READ [default REPEATABLE_READ]
	JDBC fetch size: none
	Pool: DataSourceConnectionProvider
	Minimum pool size: undefined/unknown
	Maximum pool size: undefined/unknown
2026-07-04T10:20:07.067+05:30  INFO 99757 --- [librarymanagement] [main] org.hibernate.orm.core                   : HHH000489: No JTA platform available (set 'hibernate.transaction.jta.platform' to enable JTA platform integration)
2026-07-04T10:20:07.102+05:30  INFO 99757 --- [librarymanagement] [main] j.LocalContainerEntityManagerFactoryBean : Initialized JPA EntityManagerFactory for persistence unit 'default'
2026-07-04T10:20:07.193+05:30  WARN 99757 --- [librarymanagement] [main] JpaBaseConfiguration$JpaWebConfiguration : spring.jpa.open-in-view is enabled by default. Therefore, database queries may be performed during view rendering. Explicitly configure spring.jpa.open-in-view to disable this warning
2026-07-04T10:20:07.558+05:30  INFO 99757 --- [librarymanagement] [main] o.s.boot.tomcat.TomcatWebServer          : Tomcat started on port 8080 (http) with context path '/'
2026-07-04T10:20:07.563+05:30  INFO 99757 --- [librarymanagement] [main] c.e.l.LibrarymanagementApplication       : Started LibrarymanagementApplication in 2.693 seconds (process running for 2.94)
2026-07-04T10:20:07.565+05:30  INFO 99757 --- [librarymanagement] [main] c.e.l.LibrarymanagementApplication       : Main method executed
2026-07-04T10:20:44.440+05:30  INFO 99757 --- [librarymanagement] [SpringApplicationShutdownHook] o.s.boot.tomcat.GracefulShutdown         : Commencing graceful shutdown. Waiting for active requests to complete
2026-07-04T10:20:44.447+05:30  INFO 99757 --- [librarymanagement] [tomcat-shutdown] o.s.boot.tomcat.GracefulShutdown         : Graceful shutdown complete
2026-07-04T10:20:44.451+05:30  INFO 99757 --- [librarymanagement] [SpringApplicationShutdownHook] j.LocalContainerEntityManagerFactoryBean : Closing JPA EntityManagerFactory for persistence unit 'default'
2026-07-04T10:20:44.453+05:30  INFO 99757 --- [librarymanagement] [SpringApplicationShutdownHook] com.zaxxer.hikari.HikariDataSource       : HikariPool-1 - Shutdown initiated...
2026-07-04T10:20:44.457+05:30  INFO 99757 --- [librarymanagement] [SpringApplicationShutdownHook] com.zaxxer.hikari.HikariDataSource       : HikariPool-1 - Shutdown completed.
