2026-07-02T17:58:41.965+05:30  INFO 9144 --- [divagar] [main] com.example.divagar.DivagarApplication   : Starting DivagarApplication using Java 21.0.11 with PID 9144 (/Users/sanjana/Desktop/College/Cognizant/Maven(Module5)/divagar/target/classes started by sanjana in /Users/sanjana/Desktop/College/Cognizant)
2026-07-02T17:58:41.971+05:30  INFO 9144 --- [divagar] [main] com.example.divagar.DivagarApplication   : No active profile set, falling back to 1 default profile: "default"
2026-07-02T17:58:42.430+05:30  INFO 9144 --- [divagar] [main] .s.d.r.c.RepositoryConfigurationDelegate : Bootstrapping Spring Data JPA repositories in DEFAULT mode.
2026-07-02T17:58:42.444+05:30  INFO 9144 --- [divagar] [main] .s.d.r.c.RepositoryConfigurationDelegate : Finished Spring Data repository scanning in 7 ms. Found 0 JPA repository interfaces.
2026-07-02T17:58:42.729+05:30  INFO 9144 --- [divagar] [main] o.s.boot.tomcat.TomcatWebServer          : Tomcat initialized with port 8080 (http)
2026-07-02T17:58:42.741+05:30  INFO 9144 --- [divagar] [main] o.apache.catalina.core.StandardService   : Starting service [Tomcat]
2026-07-02T17:58:42.741+05:30  INFO 9144 --- [divagar] [main] o.apache.catalina.core.StandardEngine    : Starting Servlet engine: [Apache Tomcat/11.0.22]
2026-07-02T17:58:42.776+05:30  INFO 9144 --- [divagar] [main] b.w.c.s.WebApplicationContextInitializer : Root WebApplicationContext: initialization completed in 734 ms
2026-07-02T17:58:42.896+05:30  INFO 9144 --- [divagar] [main] org.hibernate.orm.jpa                    : HHH008540: Processing PersistenceUnitInfo [name: default]
2026-07-02T17:58:42.938+05:30  INFO 9144 --- [divagar] [main] org.hibernate.orm.core                   : HHH000001: Hibernate ORM core version 7.4.1.Final
2026-07-02T17:58:43.205+05:30  INFO 9144 --- [divagar] [main] o.s.o.j.p.SpringPersistenceUnitInfo      : No LoadTimeWeaver setup: ignoring JPA class transformer
2026-07-02T17:58:43.228+05:30  INFO 9144 --- [divagar] [main] com.zaxxer.hikari.HikariDataSource       : HikariPool-1 - Starting...
2026-07-02T17:58:43.639+05:30  INFO 9144 --- [divagar] [main] com.zaxxer.hikari.pool.HikariPool        : HikariPool-1 - Added connection com.mysql.cj.jdbc.ConnectionImpl@6ceb11f9
2026-07-02T17:58:43.641+05:30  INFO 9144 --- [divagar] [main] com.zaxxer.hikari.HikariDataSource       : HikariPool-1 - Start completed.
2026-07-02T17:58:43.706+05:30  INFO 9144 --- [divagar] [main] org.hibernate.orm.connections.pooling    : HHH10001005: Database info:
	Database JDBC URL [jdbc:mysql://localhost:3306/maven(Module_5)Db?createDatabaseIfNotExist=true]
	Database driver: MySQL Connector/J
	Database dialect: MySQLDialect
	Database version: 9.5
	Default catalog/schema: maven(Module_5)Db/undefined
	Autocommit mode: undefined/unknown
	Isolation level: REPEATABLE_READ [default REPEATABLE_READ]
	JDBC fetch size: none
	Pool: DataSourceConnectionProvider
	Minimum pool size: undefined/unknown
	Maximum pool size: undefined/unknown
2026-07-02T17:58:44.000+05:30  INFO 9144 --- [divagar] [main] org.hibernate.orm.core                   : HHH000489: No JTA platform available (set 'hibernate.transaction.jta.platform' to enable JTA platform integration)
2026-07-02T17:58:44.019+05:30  INFO 9144 --- [divagar] [main] j.LocalContainerEntityManagerFactoryBean : Initialized JPA EntityManagerFactory for persistence unit 'default'
2026-07-02T17:58:44.068+05:30  WARN 9144 --- [divagar] [main] JpaBaseConfiguration$JpaWebConfiguration : spring.jpa.open-in-view is enabled by default. Therefore, database queries may be performed during view rendering. Explicitly configure spring.jpa.open-in-view to disable this warning
2026-07-02T17:58:44.294+05:30  INFO 9144 --- [divagar] [main] o.s.boot.tomcat.TomcatWebServer          : Tomcat started on port 8080 (http) with context path '/'
2026-07-02T17:58:44.299+05:30  INFO 9144 --- [divagar] [main] com.example.divagar.DivagarApplication   : Started DivagarApplication in 2.674 seconds (process running for 2.947)
2026-07-02T17:58:48.511+05:30  INFO 9144 --- [divagar] [SpringApplicationShutdownHook] o.s.boot.tomcat.GracefulShutdown         : Commencing graceful shutdown. Waiting for active requests to complete
2026-07-02T17:58:48.518+05:30  INFO 9144 --- [divagar] [tomcat-shutdown] o.s.boot.tomcat.GracefulShutdown         : Graceful shutdown complete
2026-07-02T17:58:48.522+05:30  INFO 9144 --- [divagar] [SpringApplicationShutdownHook] j.LocalContainerEntityManagerFactoryBean : Closing JPA EntityManagerFactory for persistence unit 'default'
2026-07-02T17:58:48.524+05:30  INFO 9144 --- [divagar] [SpringApplicationShutdownHook] com.zaxxer.hikari.HikariDataSource       : HikariPool-1 - Shutdown initiated...
2026-07-02T17:58:48.530+05:30  INFO 9144 --- [divagar] [SpringApplicationShutdownHook] com.zaxxer.hikari.HikariDataSource       : HikariPool-1 - Shutdown completed.
2026-07-02T18:04:34.590+05:30  INFO 15892 --- [divagar] [main] com.example.divagar.DivagarApplication   : Starting DivagarApplication using Java 21.0.11 with PID 15892 (/Users/sanjana/Desktop/College/Cognizant/Maven(Module5)/divagar/target/classes started by sanjana in /Users/sanjana/Desktop/College/Cognizant)
2026-07-02T18:04:34.593+05:30  INFO 15892 --- [divagar] [main] com.example.divagar.DivagarApplication   : No active profile set, falling back to 1 default profile: "default"
2026-07-02T18:04:35.020+05:30  INFO 15892 --- [divagar] [main] .s.d.r.c.RepositoryConfigurationDelegate : Bootstrapping Spring Data JPA repositories in DEFAULT mode.
2026-07-02T18:04:35.035+05:30  INFO 15892 --- [divagar] [main] .s.d.r.c.RepositoryConfigurationDelegate : Finished Spring Data repository scanning in 8 ms. Found 0 JPA repository interfaces.
2026-07-02T18:04:35.291+05:30  INFO 15892 --- [divagar] [main] o.s.boot.tomcat.TomcatWebServer          : Tomcat initialized with port 8080 (http)
2026-07-02T18:04:35.302+05:30  INFO 15892 --- [divagar] [main] o.apache.catalina.core.StandardService   : Starting service [Tomcat]
2026-07-02T18:04:35.303+05:30  INFO 15892 --- [divagar] [main] o.apache.catalina.core.StandardEngine    : Starting Servlet engine: [Apache Tomcat/11.0.22]
2026-07-02T18:04:35.336+05:30  INFO 15892 --- [divagar] [main] b.w.c.s.WebApplicationContextInitializer : Root WebApplicationContext: initialization completed in 701 ms
2026-07-02T18:04:35.454+05:30  INFO 15892 --- [divagar] [main] org.hibernate.orm.jpa                    : HHH008540: Processing PersistenceUnitInfo [name: default]
2026-07-02T18:04:35.484+05:30  INFO 15892 --- [divagar] [main] org.hibernate.orm.core                   : HHH000001: Hibernate ORM core version 7.4.1.Final
2026-07-02T18:04:35.723+05:30  INFO 15892 --- [divagar] [main] o.s.o.j.p.SpringPersistenceUnitInfo      : No LoadTimeWeaver setup: ignoring JPA class transformer
2026-07-02T18:04:35.745+05:30  INFO 15892 --- [divagar] [main] com.zaxxer.hikari.HikariDataSource       : HikariPool-1 - Starting...
2026-07-02T18:04:36.017+05:30  INFO 15892 --- [divagar] [main] com.zaxxer.hikari.pool.HikariPool        : HikariPool-1 - Added connection com.mysql.cj.jdbc.ConnectionImpl@720c8f80
2026-07-02T18:04:36.019+05:30  INFO 15892 --- [divagar] [main] com.zaxxer.hikari.HikariDataSource       : HikariPool-1 - Start completed.
2026-07-02T18:04:36.127+05:30  INFO 15892 --- [divagar] [main] org.hibernate.orm.connections.pooling    : HHH10001005: Database info:
	Database JDBC URL [jdbc:mysql://localhost:3306/maven(Module_5)Db?createDatabaseIfNotExist=true]
	Database driver: MySQL Connector/J
	Database dialect: MySQLDialect
	Database version: 9.5
	Default catalog/schema: maven(Module_5)Db/undefined
	Autocommit mode: undefined/unknown
	Isolation level: REPEATABLE_READ [default REPEATABLE_READ]
	JDBC fetch size: none
	Pool: DataSourceConnectionProvider
	Minimum pool size: undefined/unknown
	Maximum pool size: undefined/unknown
2026-07-02T18:04:36.369+05:30  INFO 15892 --- [divagar] [main] org.hibernate.orm.core                   : HHH000489: No JTA platform available (set 'hibernate.transaction.jta.platform' to enable JTA platform integration)
2026-07-02T18:04:36.384+05:30  INFO 15892 --- [divagar] [main] j.LocalContainerEntityManagerFactoryBean : Initialized JPA EntityManagerFactory for persistence unit 'default'
2026-07-02T18:04:36.427+05:30  WARN 15892 --- [divagar] [main] JpaBaseConfiguration$JpaWebConfiguration : spring.jpa.open-in-view is enabled by default. Therefore, database queries may be performed during view rendering. Explicitly configure spring.jpa.open-in-view to disable this warning
2026-07-02T18:04:36.650+05:30  INFO 15892 --- [divagar] [main] o.s.boot.tomcat.TomcatWebServer          : Tomcat started on port 8080 (http) with context path '/'
2026-07-02T18:04:36.655+05:30  INFO 15892 --- [divagar] [main] com.example.divagar.DivagarApplication   : Started DivagarApplication in 2.388 seconds (process running for 2.64)
2026-07-02T18:04:36.657+05:30  INFO 15892 --- [divagar] [main] com.example.divagar.DivagarApplication   : Main method executed
2026-07-02T18:04:46.670+05:30  INFO 15892 --- [divagar] [SpringApplicationShutdownHook] o.s.boot.tomcat.GracefulShutdown         : Commencing graceful shutdown. Waiting for active requests to complete
2026-07-02T18:04:46.679+05:30  INFO 15892 --- [divagar] [tomcat-shutdown] o.s.boot.tomcat.GracefulShutdown         : Graceful shutdown complete
2026-07-02T18:04:46.682+05:30  INFO 15892 --- [divagar] [SpringApplicationShutdownHook] j.LocalContainerEntityManagerFactoryBean : Closing JPA EntityManagerFactory for persistence unit 'default'
2026-07-02T18:04:46.684+05:30  INFO 15892 --- [divagar] [SpringApplicationShutdownHook] com.zaxxer.hikari.HikariDataSource       : HikariPool-1 - Shutdown initiated...
2026-07-02T18:04:46.689+05:30  INFO 15892 --- [divagar] [SpringApplicationShutdownHook] com.zaxxer.hikari.HikariDataSource       : HikariPool-1 - Shutdown completed.