2026-06-29T21:04:11.331+05:30  INFO 1592 --- [junit] [main] com.divagar.junit.JunitApplication       : Starting JunitApplication using Java 21.0.11 with PID 1592 (/Users/sanjana/Desktop/College/Cognizant/TDD/junit/target/classes started by sanjana in /Users/sanjana/Desktop/College/Cognizant)
2026-06-29T21:04:11.333+05:30  INFO 1592 --- [junit] [main] com.divagar.junit.JunitApplication       : No active profile set, falling back to 1 default profile: "default"
2026-06-29T21:04:11.584+05:30  INFO 1592 --- [junit] [main] .s.d.r.c.RepositoryConfigurationDelegate : Bootstrapping Spring Data JPA repositories in DEFAULT mode.
2026-06-29T21:04:11.605+05:30  INFO 1592 --- [junit] [main] .s.d.r.c.RepositoryConfigurationDelegate : Finished Spring Data repository scanning in 17 ms. Found 1 JPA repository interface.
2026-06-29T21:04:11.781+05:30  INFO 1592 --- [junit] [main] o.s.b.w.embedded.tomcat.TomcatWebServer  : Tomcat initialized with port 8080 (http)
2026-06-29T21:04:11.787+05:30  INFO 1592 --- [junit] [main] o.apache.catalina.core.StandardService   : Starting service [Tomcat]
2026-06-29T21:04:11.787+05:30  INFO 1592 --- [junit] [main] o.apache.catalina.core.StandardEngine    : Starting Servlet engine: [Apache Tomcat/10.1.42]
2026-06-29T21:04:11.809+05:30  INFO 1592 --- [junit] [main] o.a.c.c.C.[Tomcat].[localhost].[/]       : Initializing Spring embedded WebApplicationContext
2026-06-29T21:04:11.809+05:30  INFO 1592 --- [junit] [main] w.s.c.ServletWebServerApplicationContext : Root WebApplicationContext: initialization completed in 459 ms
2026-06-29T21:04:11.874+05:30  INFO 1592 --- [junit] [main] o.hibernate.jpa.internal.util.LogHelper  : HHH000204: Processing PersistenceUnitInfo [name: default]
2026-06-29T21:04:11.893+05:30  INFO 1592 --- [junit] [main] org.hibernate.Version                    : HHH000412: Hibernate ORM core version 6.6.18.Final
2026-06-29T21:04:11.907+05:30  INFO 1592 --- [junit] [main] o.h.c.internal.RegionFactoryInitiator    : HHH000026: Second-level cache disabled
2026-06-29T21:04:12.029+05:30  INFO 1592 --- [junit] [main] o.s.o.j.p.SpringPersistenceUnitInfo      : No LoadTimeWeaver setup: ignoring JPA class transformer
2026-06-29T21:04:12.039+05:30  INFO 1592 --- [junit] [main] com.zaxxer.hikari.HikariDataSource       : HikariPool-1 - Starting...
2026-06-29T21:04:12.213+05:30  INFO 1592 --- [junit] [main] com.zaxxer.hikari.pool.HikariPool        : HikariPool-1 - Added connection com.mysql.cj.jdbc.ConnectionImpl@7d088813
2026-06-29T21:04:12.214+05:30  INFO 1592 --- [junit] [main] com.zaxxer.hikari.HikariDataSource       : HikariPool-1 - Start completed.
2026-06-29T21:04:12.251+05:30  INFO 1592 --- [junit] [main] org.hibernate.orm.connections.pooling    : HHH10001005: Database info:
	Database JDBC URL [Connecting through datasource 'HikariDataSource (HikariPool-1)']
	Database driver: undefined/unknown
	Database version: 9.5
	Autocommit mode: undefined/unknown
	Isolation level: undefined/unknown
	Minimum pool size: undefined/unknown
	Maximum pool size: undefined/unknown
2026-06-29T21:04:12.537+05:30  INFO 1592 --- [junit] [main] o.h.e.t.j.p.i.JtaPlatformInitiator       : HHH000489: No JTA platform available (set 'hibernate.transaction.jta.platform' to enable JTA platform integration)
2026-06-29T21:04:12.562+05:30  INFO 1592 --- [junit] [main] j.LocalContainerEntityManagerFactoryBean : Initialized JPA EntityManagerFactory for persistence unit 'default'
2026-06-29T21:04:12.644+05:30  INFO 1592 --- [junit] [main] o.s.d.j.r.query.QueryEnhancerFactory     : Hibernate is in classpath; If applicable, HQL parser will be used.
2026-06-29T21:04:12.889+05:30  WARN 1592 --- [junit] [main] JpaBaseConfiguration$JpaWebConfiguration : spring.jpa.open-in-view is enabled by default. Therefore, database queries may be performed during view rendering. Explicitly configure spring.jpa.open-in-view to disable this warning
2026-06-29T21:04:13.021+05:30  INFO 1592 --- [junit] [main] o.s.b.w.embedded.tomcat.TomcatWebServer  : Tomcat started on port 8080 (http) with context path '/'
2026-06-29T21:04:13.027+05:30  INFO 1592 --- [junit] [main] com.divagar.junit.JunitApplication       : Started JunitApplication in 1.889 seconds (process running for 2.017)
2026-06-29T21:05:07.934+05:30  INFO 1592 --- [junit] [SpringApplicationShutdownHook] o.s.b.w.e.tomcat.GracefulShutdown        : Commencing graceful shutdown. Waiting for active requests to complete
2026-06-29T21:05:07.939+05:30  INFO 1592 --- [junit] [tomcat-shutdown] o.s.b.w.e.tomcat.GracefulShutdown        : Graceful shutdown complete
2026-06-29T21:05:07.941+05:30  INFO 1592 --- [junit] [SpringApplicationShutdownHook] j.LocalContainerEntityManagerFactoryBean : Closing JPA EntityManagerFactory for persistence unit 'default'
2026-06-29T21:05:07.943+05:30  INFO 1592 --- [junit] [SpringApplicationShutdownHook] com.zaxxer.hikari.HikariDataSource       : HikariPool-1 - Shutdown initiated...
2026-06-29T21:05:07.945+05:30  INFO 1592 --- [junit] [SpringApplicationShutdownHook] com.zaxxer.hikari.HikariDataSource       : HikariPool-1 - Shutdown completed.
