2026-07-18T00:19:22.877+05:30  WARN 68217 --- [orm-learn] [HikariPool-1:housekeeper] com.zaxxer.hikari.pool.HikariPool        : HikariPool-1 - Thread starvation or clock leap detected (housekeeper delta=34m22s24ms).
2026-07-18T01:02:14.364+05:30  WARN 68217 --- [orm-learn] [HikariPool-1:housekeeper] com.zaxxer.hikari.pool.HikariPool        : HikariPool-1 - Thread starvation or clock leap detected (housekeeper delta=42m51s486ms).
2026-07-18T01:51:37.043+05:30  WARN 68217 --- [orm-learn] [HikariPool-1:housekeeper] com.zaxxer.hikari.pool.HikariPool        : HikariPool-1 - Thread starvation or clock leap detected (housekeeper delta=48m52s667ms).
2026-07-18T02:03:33.599+05:30  WARN 68217 --- [orm-learn] [HikariPool-1:housekeeper] com.zaxxer.hikari.pool.HikariPool        : HikariPool-1 - Thread starvation or clock leap detected (housekeeper delta=11m56s556ms).
2026-07-18T02:36:41.569+05:30  WARN 68217 --- [orm-learn] [HikariPool-1:housekeeper] com.zaxxer.hikari.pool.HikariPool        : HikariPool-1 - Thread starvation or clock leap detected (housekeeper delta=33m7s970ms).
2026-07-18T03:04:25.886+05:30  WARN 68217 --- [orm-learn] [HikariPool-1:housekeeper] com.zaxxer.hikari.pool.HikariPool        : HikariPool-1 - Thread starvation or clock leap detected (housekeeper delta=27m44s317ms).
2026-07-18T03:20:45.561+05:30  WARN 68217 --- [orm-learn] [HikariPool-1:housekeeper] com.zaxxer.hikari.pool.HikariPool        : HikariPool-1 - Thread starvation or clock leap detected (housekeeper delta=16m19s676ms).
2026-07-18T04:05:17.870+05:30  WARN 68217 --- [orm-learn] [HikariPool-1:housekeeper] com.zaxxer.hikari.pool.HikariPool        : HikariPool-1 - Thread starvation or clock leap detected (housekeeper delta=44m32s309ms).
2026-07-18T05:06:14.897+05:30  WARN 68217 --- [orm-learn] [HikariPool-1:housekeeper] com.zaxxer.hikari.pool.HikariPool        : HikariPool-1 - Thread starvation or clock leap detected (housekeeper delta=1h27s15ms).
2026-07-18T05:20:58.994+05:30  WARN 68217 --- [orm-learn] [HikariPool-1:housekeeper] com.zaxxer.hikari.pool.HikariPool        : HikariPool-1 - Thread starvation or clock leap detected (housekeeper delta=14m14s88ms).
2026-07-18T05:55:54.281+05:30  WARN 68217 --- [orm-learn] [HikariPool-1:housekeeper] com.zaxxer.hikari.pool.HikariPool        : HikariPool-1 - Thread starvation or clock leap detected (housekeeper delta=34m55s287ms).
2026-07-18T06:07:27.171+05:30  WARN 68217 --- [orm-learn] [HikariPool-1:housekeeper] com.zaxxer.hikari.pool.HikariPool        : HikariPool-1 - Thread starvation or clock leap detected (housekeeper delta=11m32s890ms).
2026-07-18T06:25:29.812+05:30  WARN 68217 --- [orm-learn] [HikariPool-1:housekeeper] com.zaxxer.hikari.pool.HikariPool        : HikariPool-1 - Thread starvation or clock leap detected (housekeeper delta=18m2s641ms).
2026-07-18T07:08:19.559+05:30  WARN 68217 --- [orm-learn] [HikariPool-1:housekeeper] com.zaxxer.hikari.pool.HikariPool        : HikariPool-1 - Thread starvation or clock leap detected (housekeeper delta=42m49s747ms).
2026-07-18T07:57:44.222+05:30  WARN 68217 --- [orm-learn] [HikariPool-1:housekeeper] com.zaxxer.hikari.pool.HikariPool        : HikariPool-1 - Thread starvation or clock leap detected (housekeeper delta=48m54s656ms).
2026-07-18T08:09:32.433+05:30  WARN 68217 --- [orm-learn] [HikariPool-1:housekeeper] com.zaxxer.hikari.pool.HikariPool        : HikariPool-1 - Thread starvation or clock leap detected (housekeeper delta=11m18s196ms).
2026-07-18T08:12:10.006+05:30  WARN 68217 --- [orm-learn] [HikariPool-1:housekeeper] com.zaxxer.hikari.pool.HikariPool        : HikariPool-1 - Thread starvation or clock leap detected (housekeeper delta=2m37s573ms).
2026-07-18T09:10:09.958+05:30  WARN 68217 --- [orm-learn] [HikariPool-1:housekeeper] com.zaxxer.hikari.pool.HikariPool        : HikariPool-1 - Thread starvation or clock leap detected (housekeeper delta=57m29s941ms).
2026-07-18T09:45:33.898+05:30  WARN 68217 --- [orm-learn] [HikariPool-1:housekeeper] com.zaxxer.hikari.pool.HikariPool        : HikariPool-1 - Thread starvation or clock leap detected (housekeeper delta=34m53s888ms).
2026-07-18T10:11:27.480+05:30  WARN 68217 --- [orm-learn] [HikariPool-1:housekeeper] com.zaxxer.hikari.pool.HikariPool        : HikariPool-1 - Thread starvation or clock leap detected (housekeeper delta=25m53s583ms).
2026-07-18T10:27:37.326+05:30  WARN 68217 --- [orm-learn] [HikariPool-1:housekeeper] com.zaxxer.hikari.pool.HikariPool        : HikariPool-1 - Thread starvation or clock leap detected (housekeeper delta=16m9s846ms).
2026-07-18T11:12:16.171+05:30  WARN 68217 --- [orm-learn] [HikariPool-1:housekeeper] com.zaxxer.hikari.pool.HikariPool        : HikariPool-1 - Thread starvation or clock leap detected (housekeeper delta=44m38s845ms).
2026-07-18T12:01:15.375+05:30  WARN 68217 --- [orm-learn] [HikariPool-1:housekeeper] com.zaxxer.hikari.pool.HikariPool        : HikariPool-1 - Thread starvation or clock leap detected (housekeeper delta=48m29s191ms).
2026-07-18T12:13:42.115+05:30  WARN 68217 --- [orm-learn] [HikariPool-1:housekeeper] com.zaxxer.hikari.pool.HikariPool        : HikariPool-1 - Thread starvation or clock leap detected (housekeeper delta=12m26s740ms).
2026-07-18T12:15:03.498+05:30  WARN 68217 --- [orm-learn] [HikariPool-1:housekeeper] com.zaxxer.hikari.pool.HikariPool        : HikariPool-1 - Thread starvation or clock leap detected (housekeeper delta=1m21s383ms).
2026-07-18T12:16:33.455+05:30  WARN 68217 --- [orm-learn] [HikariPool-1:housekeeper] com.zaxxer.hikari.pool.HikariPool        : HikariPool-1 - Retrograde clock change detected (housekeeper delta=29s554ms), soft-evicting connections from pool.
2026-07-18T12:17:22.165+05:30  INFO 68217 --- [orm-learn] [SpringApplicationShutdownHook] o.s.boot.tomcat.GracefulShutdown         : Commencing graceful shutdown. Waiting for active requests to complete
2026-07-18T12:17:22.774+05:30  INFO 68217 --- [orm-learn] [tomcat-shutdown] o.s.boot.tomcat.GracefulShutdown         : Graceful shutdown complete
2026-07-18T12:17:23.184+05:30  INFO 68217 --- [orm-learn] [SpringApplicationShutdownHook] j.LocalContainerEntityManagerFactoryBean : Closing JPA EntityManagerFactory for persistence unit 'default'
2026-07-18T12:17:23.883+05:30  INFO 68217 --- [orm-learn] [SpringApplicationShutdownHook] com.zaxxer.hikari.HikariDataSource       : HikariPool-1 - Shutdown initiated...
2026-07-18T12:17:23.927+05:30  INFO 68217 --- [orm-learn] [SpringApplicationShutdownHook] com.zaxxer.hikari.HikariDataSource       : HikariPool-1 - Shutdown completed.
