2026-07-23T17:59:25.256+05:30  INFO 8009 --- [spring-learn] [restartedMain] c.c.spring_learn.SpringLearnApplication  : Starting SpringLearnApplication using Java 17.0.19 with PID 8009 (/Users/sanjana/Desktop/College/Cognizant/Spring_REST_using_Spring_Boot_3/spring-learn/target/classes started by sanjana in /Users/sanjana/Desktop/College/Cognizant)
2026-07-23T17:59:25.258+05:30 DEBUG 8009 --- [spring-learn] [restartedMain] c.c.spring_learn.SpringLearnApplication  : Running with Spring Boot v4.1.0, Spring v7.0.8
2026-07-23T17:59:25.259+05:30  INFO 8009 --- [spring-learn] [restartedMain] c.c.spring_learn.SpringLearnApplication  : No active profile set, falling back to 1 default profile: "default"
2026-07-23T17:59:25.277+05:30  INFO 8009 --- [spring-learn] [restartedMain] .e.DevToolsPropertyDefaultsPostProcessor : Devtools property defaults active! Set 'spring.devtools.add-properties' to 'false' to disable
2026-07-23T17:59:25.278+05:30  INFO 8009 --- [spring-learn] [restartedMain] .e.DevToolsPropertyDefaultsPostProcessor : For additional web related logging consider setting the 'logging.level.web' property to 'DEBUG'
2026-07-23T17:59:25.331+05:30  WARN 8009 --- [spring-learn] [restartedMain] ConfigServletWebServerApplicationContext : Exception encountered during context initialization - cancelling refresh attempt: org.springframework.context.ApplicationContextException: Unable to start web server
2026-07-23T17:59:25.386+05:30 ERROR 8009 --- [spring-learn] [restartedMain] o.s.b.d.LoggingFailureAnalysisReporter   : 

***************************
APPLICATION FAILED TO START
***************************

Description:

Web application could not be started as there was no org.springframework.boot.web.server.servlet.ServletWebServerFactory bean defined in the context.

Action:

Check your application's dependencies for a supported servlet web server.
Check the configured web application type.

2026-07-23T17:59:43.760+05:30  INFO 8652 --- [spring-learn] [restartedMain] c.c.spring_learn.SpringLearnApplication  : Starting SpringLearnApplication using Java 17.0.19 with PID 8652 (/Users/sanjana/Desktop/College/Cognizant/Spring_REST_using_Spring_Boot_3/spring-learn/target/classes started by sanjana in /Users/sanjana/Desktop/College/Cognizant)
2026-07-23T17:59:43.763+05:30 DEBUG 8652 --- [spring-learn] [restartedMain] c.c.spring_learn.SpringLearnApplication  : Running with Spring Boot v4.1.0, Spring v7.0.8
2026-07-23T17:59:43.764+05:30  INFO 8652 --- [spring-learn] [restartedMain] c.c.spring_learn.SpringLearnApplication  : No active profile set, falling back to 1 default profile: "default"
2026-07-23T17:59:43.794+05:30  INFO 8652 --- [spring-learn] [restartedMain] .e.DevToolsPropertyDefaultsPostProcessor : Devtools property defaults active! Set 'spring.devtools.add-properties' to 'false' to disable
2026-07-23T17:59:43.795+05:30  INFO 8652 --- [spring-learn] [restartedMain] .e.DevToolsPropertyDefaultsPostProcessor : For additional web related logging consider setting the 'logging.level.web' property to 'DEBUG'
2026-07-23T17:59:44.518+05:30  INFO 8652 --- [spring-learn] [restartedMain] o.s.boot.tomcat.TomcatWebServer          : Tomcat initialized with port 8083 (http)
2026-07-23T17:59:44.528+05:30  INFO 8652 --- [spring-learn] [restartedMain] o.apache.catalina.core.StandardService   : Starting service [Tomcat]
2026-07-23T17:59:44.529+05:30  INFO 8652 --- [spring-learn] [restartedMain] o.apache.catalina.core.StandardEngine    : Starting Servlet engine: [Apache Tomcat/11.0.22]
2026-07-23T17:59:44.551+05:30  INFO 8652 --- [spring-learn] [restartedMain] b.w.c.s.WebApplicationContextInitializer : Root WebApplicationContext: initialization completed in 756 ms
2026-07-23T17:59:44.938+05:30  INFO 8652 --- [spring-learn] [restartedMain] o.s.b.a.e.web.EndpointLinksResolver      : Exposing 1 endpoint beneath base path '/actuator'
2026-07-23T17:59:44.984+05:30  INFO 8652 --- [spring-learn] [restartedMain] o.s.boot.tomcat.TomcatWebServer          : Tomcat started on port 8083 (http) with context path '/'
2026-07-23T17:59:44.992+05:30  INFO 8652 --- [spring-learn] [restartedMain] c.c.spring_learn.SpringLearnApplication  : Started SpringLearnApplication in 1.515 seconds (process running for 1.949)
2026-07-23T17:59:46.719+05:30  INFO 8652 --- [spring-learn] [RMI TCP Connection(2)-127.0.0.1] o.a.c.c.C.[Tomcat].[localhost].[/]       : Initializing Spring DispatcherServlet 'dispatcherServlet'
2026-07-23T17:59:46.720+05:30  INFO 8652 --- [spring-learn] [RMI TCP Connection(2)-127.0.0.1] o.s.web.servlet.DispatcherServlet        : Initializing Servlet 'dispatcherServlet'
2026-07-23T17:59:46.722+05:30  INFO 8652 --- [spring-learn] [RMI TCP Connection(2)-127.0.0.1] o.s.web.servlet.DispatcherServlet        : Completed initialization in 1 ms
2026-07-23T18:00:09.201+05:30  INFO 8652 --- [spring-learn] [http-nio-8083-exec-1] c.c.s.Controllers.CountryController      : START - sayHello()
2026-07-23T18:00:09.202+05:30  INFO 8652 --- [spring-learn] [http-nio-8083-exec-1] c.c.s.Controllers.CountryController      : END - sayHello()
