2026-06-29T23:43:03.194+05:30  INFO 32574 --- [junit] [SpringApplicationShutdownHook] o.s.b.w.e.tomcat.GracefulShutdown        : Commencing graceful shutdown. Waiting for active requests to complete
2026-06-29T23:43:03.200+05:30  INFO 32574 --- [junit] [tomcat-shutdown] o.s.b.w.e.tomcat.GracefulShutdown        : Graceful shutdown complete
2026-06-29T23:43:03.204+05:30  INFO 32574 --- [junit] [SpringApplicationShutdownHook] j.LocalContainerEntityManagerFactoryBean : Closing JPA EntityManagerFactory for persistence unit 'default'
2026-06-29T23:43:03.207+05:30  INFO 32574 --- [junit] [SpringApplicationShutdownHook] com.zaxxer.hikari.HikariDataSource       : HikariPool-1 - Shutdown initiated...
2026-06-29T23:43:03.212+05:30  INFO 32574 --- [junit] [SpringApplicationShutdownHook] com.zaxxer.hikari.HikariDataSource       : HikariPool-1 - Shutdown completed.
2026-06-29T23:43:04.145+05:30  INFO 37146 --- [junit] [main] com.divagar.junit.JunitApplication       : Starting JunitApplication using Java 21.0.11 with PID 37146 (/Users/sanjana/Desktop/College/Cognizant/TDD/junit/target/classes started by sanjana in /Users/sanjana/Desktop/College/Cognizant)
2026-06-29T23:43:04.146+05:30  INFO 37146 --- [junit] [main] com.divagar.junit.JunitApplication       : No active profile set, falling back to 1 default profile: "default"
2026-06-29T23:43:04.399+05:30  INFO 37146 --- [junit] [main] .s.d.r.c.RepositoryConfigurationDelegate : Bootstrapping Spring Data JPA repositories in DEFAULT mode.
2026-06-29T23:43:04.422+05:30  INFO 37146 --- [junit] [main] .s.d.r.c.RepositoryConfigurationDelegate : Finished Spring Data repository scanning in 17 ms. Found 1 JPA repository interface.
2026-06-29T23:43:04.629+05:30  INFO 37146 --- [junit] [main] o.s.b.w.embedded.tomcat.TomcatWebServer  : Tomcat initialized with port 8080 (http)
2026-06-29T23:43:04.636+05:30  INFO 37146 --- [junit] [main] o.apache.catalina.core.StandardService   : Starting service [Tomcat]
2026-06-29T23:43:04.636+05:30  INFO 37146 --- [junit] [main] o.apache.catalina.core.StandardEngine    : Starting Servlet engine: [Apache Tomcat/10.1.42]
2026-06-29T23:43:04.660+05:30  INFO 37146 --- [junit] [main] o.a.c.c.C.[Tomcat].[localhost].[/]       : Initializing Spring embedded WebApplicationContext
2026-06-29T23:43:04.661+05:30  INFO 37146 --- [junit] [main] w.s.c.ServletWebServerApplicationContext : Root WebApplicationContext: initialization completed in 495 ms
2026-06-29T23:43:04.732+05:30  INFO 37146 --- [junit] [main] o.hibernate.jpa.internal.util.LogHelper  : HHH000204: Processing PersistenceUnitInfo [name: default]
2026-06-29T23:43:04.753+05:30  INFO 37146 --- [junit] [main] org.hibernate.Version                    : HHH000412: Hibernate ORM core version 6.6.18.Final
2026-06-29T23:43:04.766+05:30  INFO 37146 --- [junit] [main] o.h.c.internal.RegionFactoryInitiator    : HHH000026: Second-level cache disabled
2026-06-29T23:43:04.879+05:30  INFO 37146 --- [junit] [main] o.s.o.j.p.SpringPersistenceUnitInfo      : No LoadTimeWeaver setup: ignoring JPA class transformer
2026-06-29T23:43:04.890+05:30  INFO 37146 --- [junit] [main] com.zaxxer.hikari.HikariDataSource       : HikariPool-1 - Starting...
2026-06-29T23:43:05.130+05:30  INFO 37146 --- [junit] [main] com.zaxxer.hikari.pool.HikariPool        : HikariPool-1 - Added connection com.mysql.cj.jdbc.ConnectionImpl@3dda8a2e
2026-06-29T23:43:05.131+05:30  INFO 37146 --- [junit] [main] com.zaxxer.hikari.HikariDataSource       : HikariPool-1 - Start completed.
2026-06-29T23:43:05.171+05:30  INFO 37146 --- [junit] [main] org.hibernate.orm.connections.pooling    : HHH10001005: Database info:
	Database JDBC URL [Connecting through datasource 'HikariDataSource (HikariPool-1)']
	Database driver: undefined/unknown
	Database version: 9.5
	Autocommit mode: undefined/unknown
	Isolation level: undefined/unknown
	Minimum pool size: undefined/unknown
	Maximum pool size: undefined/unknown
2026-06-29T23:43:05.466+05:30  INFO 37146 --- [junit] [main] o.h.e.t.j.p.i.JtaPlatformInitiator       : HHH000489: No JTA platform available (set 'hibernate.transaction.jta.platform' to enable JTA platform integration)
2026-06-29T23:43:05.503+05:30  INFO 37146 --- [junit] [main] j.LocalContainerEntityManagerFactoryBean : Initialized JPA EntityManagerFactory for persistence unit 'default'
2026-06-29T23:43:05.600+05:30  INFO 37146 --- [junit] [main] o.s.d.j.r.query.QueryEnhancerFactory     : Hibernate is in classpath; If applicable, HQL parser will be used.
2026-06-29T23:43:05.833+05:30  WARN 37146 --- [junit] [main] JpaBaseConfiguration$JpaWebConfiguration : spring.jpa.open-in-view is enabled by default. Therefore, database queries may be performed during view rendering. Explicitly configure spring.jpa.open-in-view to disable this warning
2026-06-29T23:43:05.968+05:30  INFO 37146 --- [junit] [main] o.s.b.w.embedded.tomcat.TomcatWebServer  : Tomcat started on port 8080 (http) with context path '/'
2026-06-29T23:43:05.973+05:30  INFO 37146 --- [junit] [main] com.divagar.junit.JunitApplication       : Started JunitApplication in 2.024 seconds (process running for 2.31)
2026-06-29T23:43:05.974+05:30  INFO 37146 --- [junit] [main] com.divagar.junit.JunitApplication       : Main Method executed and spring application started
2026-06-29T23:43:15.342+05:30  INFO 37146 --- [junit] [http-nio-8080-exec-2] o.a.c.c.C.[Tomcat].[localhost].[/]       : Initializing Spring DispatcherServlet 'dispatcherServlet'
2026-06-29T23:43:15.342+05:30  INFO 37146 --- [junit] [http-nio-8080-exec-2] o.s.web.servlet.DispatcherServlet        : Initializing Servlet 'dispatcherServlet'
2026-06-29T23:43:15.343+05:30  INFO 37146 --- [junit] [http-nio-8080-exec-2] o.s.web.servlet.DispatcherServlet        : Completed initialization in 1 ms
2026-06-29T23:43:15.383+05:30  INFO 37146 --- [junit] [http-nio-8080-exec-2] c.d.junit.Services.EmployeeService       : Going to save an employee
2026-06-29T23:43:15.418+05:30  INFO 37146 --- [junit] [http-nio-8080-exec-2] c.d.junit.Services.EmployeeService       : Employee with the ID 25 saved successfully
2026-06-29T23:43:21.053+05:30  INFO 37146 --- [junit] [http-nio-8080-exec-3] c.d.junit.Services.EmployeeService       : Retrieving the employee with the Id 5 
2026-06-29T23:43:21.081+05:30  WARN 37146 --- [junit] [http-nio-8080-exec-3] c.d.junit.Services.EmployeeService       : Employee not found with the Id 5 
2026-06-29T23:43:24.262+05:30  INFO 37146 --- [junit] [http-nio-8080-exec-4] c.d.junit.Services.EmployeeService       : Retrieving the employee with the Id 25 
2026-06-29T23:43:24.271+05:30  INFO 37146 --- [junit] [http-nio-8080-exec-4] c.d.junit.Services.EmployeeService       : Employee retrieved
2026-06-29T23:43:26.687+05:30  INFO 37146 --- [junit] [http-nio-8080-exec-5] c.d.junit.Services.EmployeeService       : Retriving all the employees from the DB
2026-06-29T23:43:26.725+05:30  INFO 37146 --- [junit] [http-nio-8080-exec-5] c.d.junit.Services.EmployeeService       : There are 9 employees in the db
2026-06-29T23:43:48.728+05:30  INFO 37146 --- [junit] [http-nio-8080-exec-6] c.d.junit.Services.EmployeeService       : Retrieving the employee with the Id 0 
2026-06-29T23:43:48.733+05:30  WARN 37146 --- [junit] [http-nio-8080-exec-6] c.d.junit.Services.EmployeeService       : Employee not found with the Id 0 
2026-06-29T23:44:27.131+05:30  INFO 37146 --- [junit] [http-nio-8080-exec-7] c.d.junit.Services.EmployeeService       : Retrieving the employee with the Id 20 
2026-06-29T23:44:27.142+05:30  INFO 37146 --- [junit] [http-nio-8080-exec-7] c.d.junit.Services.EmployeeService       : Employee retrieved
2026-06-29T23:44:27.142+05:30  INFO 37146 --- [junit] [http-nio-8080-exec-7] c.d.junit.Services.EmployeeService       : Updating the employee with Id : 20
2026-06-29T23:44:27.148+05:30  INFO 37146 --- [junit] [http-nio-8080-exec-7] c.d.junit.Services.EmployeeService       : Employee updated whose Id is 20
2026-06-29T23:45:19.096+05:30  INFO 37146 --- [junit] [http-nio-8080-exec-8] c.d.junit.Services.EmployeeService       : Retriving the employees with the department code it
2026-06-29T23:45:19.140+05:30  INFO 37146 --- [junit] [http-nio-8080-exec-8] c.d.junit.Services.EmployeeService       : There are 5 employees in the db whose department is it
2026-06-29T23:45:30.840+05:30  INFO 37146 --- [junit] [http-nio-8080-exec-9] c.d.junit.Services.EmployeeService       : Retrieving the employee with the Id 19 
2026-06-29T23:45:30.847+05:30  WARN 37146 --- [junit] [http-nio-8080-exec-9] c.d.junit.Services.EmployeeService       : Employee not found with the Id 19 
2026-06-29T23:45:41.620+05:30  INFO 37146 --- [junit] [http-nio-8080-exec-10] c.d.junit.Services.EmployeeService       : Retrieving the employee with the Id 20 
2026-06-29T23:45:41.625+05:30  INFO 37146 --- [junit] [http-nio-8080-exec-10] c.d.junit.Services.EmployeeService       : Employee retrieved
2026-06-29T23:45:41.625+05:30  WARN 37146 --- [junit] [http-nio-8080-exec-10] c.d.junit.Services.EmployeeService       : Deleting the Employee whose ID is 20
2026-06-29T23:45:41.625+05:30  WARN 37146 --- [junit] [http-nio-8080-exec-10] c.d.junit.Services.EmployeeService       : Employee deleted with ID 20
2026-06-29T23:45:50.243+05:30  INFO 37146 --- [junit] [SpringApplicationShutdownHook] o.s.b.w.e.tomcat.GracefulShutdown        : Commencing graceful shutdown. Waiting for active requests to complete
2026-06-29T23:45:50.250+05:30  INFO 37146 --- [junit] [tomcat-shutdown] o.s.b.w.e.tomcat.GracefulShutdown        : Graceful shutdown complete
2026-06-29T23:45:50.253+05:30  INFO 37146 --- [junit] [SpringApplicationShutdownHook] j.LocalContainerEntityManagerFactoryBean : Closing JPA EntityManagerFactory for persistence unit 'default'
2026-06-29T23:45:50.255+05:30  INFO 37146 --- [junit] [SpringApplicationShutdownHook] com.zaxxer.hikari.HikariDataSource       : HikariPool-1 - Shutdown initiated...
2026-06-29T23:45:50.260+05:30  INFO 37146 --- [junit] [SpringApplicationShutdownHook] com.zaxxer.hikari.HikariDataSource       : HikariPool-1 - Shutdown completed.
